<?xml version="1.0" encoding="UTF-8"?>
<!-- Generated by org.testng.reporters.JUnitReportReporter -->
<testsuite skipped="0" hostname="INLH101646" name="com.testvargrant.selenium.test.HotelBookingTest" tests="1" failures="0" timestamp="17 Jul 2019 13:21:46 GMT" time="31.860" errors="0">
  <testcase name="testHotelBooking" time="31.860" classname="com.testvargrant.selenium.test.HotelBookingTest"/>
</testsuite> <!-- com.testvargrant.selenium.test.HotelBookingTest -->
