<?xml version="1.0" encoding="UTF-8"?>
<!-- Generated by org.testng.reporters.JUnitReportReporter -->
<testsuite skipped="0" hostname="INLH101646" name="com.testvargrant.selenium.test.SignInTest" tests="1" failures="0" timestamp="12 Jul 2019 19:34:22 GMT" time="1.784" errors="0">
  <testcase name="testClearTripSignIn" time="1.784" classname="com.testvargrant.selenium.test.SignInTest"/>
</testsuite> <!-- com.testvargrant.selenium.test.SignInTest -->
