<?xml version="1.0" encoding="UTF-8"?>
<!-- Generated by org.testng.reporters.JUnitReportReporter -->
<testsuite skipped="0" hostname="INLH101646" name="com.testvargrant.selenium.test.FlightBookingTest" tests="1" failures="0" timestamp="17 Jul 2019 12:32:26 GMT" time="17.010" errors="0">
  <testcase name="testFlightBooking" time="17.010" classname="com.testvargrant.selenium.test.FlightBookingTest"/>
</testsuite> <!-- com.testvargrant.selenium.test.FlightBookingTest -->
